\BOOKMARK [1][-]{section.1}{\376\377\000I\000n\000t\000r\000o\000d\000u\000c\000t\000i\000o\000n}{}% 1
\BOOKMARK [1][-]{section.2}{\376\377\000D\000a\000t\000a\000s\000e\000t\000\040\000D\000e\000s\000c\000r\000i\000p\000t\000i\000o\000n}{}% 2
\BOOKMARK [1][-]{section.3}{\376\377\000D\000a\000t\000a\000\040\000P\000r\000e\000p\000a\000r\000a\000t\000i\000o\000n}{}% 3
\BOOKMARK [2][-]{subsection.3.1}{\376\377\000S\000e\000c\000o\000n\000d\000a\000r\000y\000\040\000D\000a\000t\000a\000s\000e\000t\000s}{section.3}% 4
\BOOKMARK [1][-]{section.4}{\376\377\000V\000i\000s\000u\000a\000l\000i\000z\000a\000t\000i\000o\000n\000s}{}% 5
\BOOKMARK [2][-]{subsection.4.1}{\376\377\000V\000e\000h\000i\000c\000l\000e\000\040\000C\000o\000l\000l\000i\000s\000i\000o\000n\000s\000\040\000o\000v\000e\000r\000\040\000T\000i\000m\000e}{section.4}% 6
\BOOKMARK [2][-]{subsection.4.2}{\376\377\000C\000a\000u\000s\000e\000s\000\040\000o\000f\000\040\000C\000o\000l\000l\000i\000s\000i\000o\000n\000s}{section.4}% 7
\BOOKMARK [2][-]{subsection.4.3}{\376\377\000C\000r\000a\000s\000h\000e\000s\000\040\000b\000y\000\040\000T\000i\000m\000e\000\040\000o\000f\000\040\000D\000a\000y}{section.4}% 8
\BOOKMARK [2][-]{subsection.4.4}{\376\377\000I\000n\000j\000u\000r\000i\000e\000s\000\040\000b\000y\000\040\000P\000e\000r\000s\000o\000n\000\040\000T\000y\000p\000e}{section.4}% 9
\BOOKMARK [2][-]{subsection.4.5}{\376\377\000B\000o\000r\000o\000u\000g\000h\000\040\000V\000S\000\040\000I\000n\000j\000u\000r\000y\000\040\000S\000e\000v\000e\000r\000i\000t\000y}{section.4}% 10
\BOOKMARK [3][-]{subsubsection.4.5.1}{\376\377\000C\000o\000n\000t\000i\000n\000g\000e\000n\000c\000y\000\040\000T\000a\000b\000l\000e}{subsection.4.5}% 11
\BOOKMARK [3][-]{subsubsection.4.5.2}{\376\377\000B\000a\000r\000p\000l\000o\000t\000\040\000o\000f\000\040\000R\000o\000w\000\040\000P\000r\000o\000p\000o\000r\000t\000i\000o\000n\000s\000\040\000\050\000b\000y\000\040\000B\000o\000r\000o\000u\000g\000h\000\051}{subsection.4.5}% 12
\BOOKMARK [3][-]{subsubsection.4.5.3}{\376\377\000C\000r\000a\000m\000e\000r\040\031\000s\000\040\000V}{subsection.4.5}% 13
\BOOKMARK [2][-]{subsection.4.6}{\376\377\000T\000o\000t\000a\000l\000\040\000P\000e\000r\000s\000o\000n\000s\000\040\000I\000n\000j\000u\000r\000e\000d\000\040\000v\000s\000\040\000K\000i\000l\000l\000e\000d}{section.4}% 14
\BOOKMARK [2][-]{subsection.4.7}{\376\377\000D\000e\000n\000s\000i\000t\000y\000\040\000o\000f\000\040\000I\000n\000j\000u\000r\000i\000e\000s\000\040\000p\000e\000r\000\040\000B\000o\000r\000o\000u\000g\000h}{section.4}% 15
\BOOKMARK [2][-]{subsection.4.8}{\376\377\000C\000r\000a\000s\000h\000\040\000F\000r\000e\000q\000u\000e\000n\000c\000y\000\040\000b\000y\000\040\000H\000o\000u\000r\000\040\000a\000n\000d\000\040\000D\000a\000y\000\040\000o\000f\000\040\000W\000e\000e\000k}{section.4}% 16
\BOOKMARK [2][-]{subsection.4.9}{\376\377\000D\000i\000s\000t\000r\000i\000b\000u\000t\000i\000o\000n\000\040\000o\000f\000\040\000V\000e\000h\000i\000c\000l\000e\000\040\000A\000g\000e\000\040\000I\000n\000v\000o\000l\000v\000e\000d\000\040\000i\000n\000\040\000A\000c\000c\000i\000d\000e\000n\000t\000s}{section.4}% 17
\BOOKMARK [2][-]{subsection.4.10}{\376\377\000A\000c\000c\000i\000d\000e\000n\000t\000s\000\040\000a\000n\000d\000\040\000s\000p\000e\000e\000d\000\040\000l\000i\000m\000i\000t\000s\000\040\000o\000n\000\040\000N\000Y\000C\000\040\000m\000a\000p}{section.4}% 18
\BOOKMARK [3][-]{subsubsection.4.10.1}{\376\377\000A\000l\000l\000\040\000A\000c\000c\000i\000d\000e\000n\000t\000s}{subsection.4.10}% 19
\BOOKMARK [3][-]{subsubsection.4.10.2}{\376\377\000H\000i\000g\000h\000w\000a\000y\000\040\000A\000c\000c\000i\000d\000e\000n\000t\000s}{subsection.4.10}% 20
\BOOKMARK [2][-]{subsection.4.11}{\376\377\000D\000e\000n\000s\000i\000t\000y\000\040\000C\000o\000m\000p\000a\000r\000i\000s\000o\000n\000\040\000o\000f\000\040\000T\000i\000m\000e\000s\000\040\000o\000f\000\040\000D\000a\000y\000\040\000f\000o\000r\000\040\000C\000a\000r\000\040\000A\000c\000c\000i\000d\000e\000n\000t\000s\000:\000\040\000H\000i\000g\000h\000w\000a\000y\000\040\000V\000s\000\040\000N\000o\000t\000\040\000H\000i\000g\000h\000w\000a\000y}{section.4}% 21
\BOOKMARK [1][-]{section.5}{\376\377\000P\000r\000e\000l\000i\000m\000i\000n\000a\000r\000y\000\040\000S\000t\000a\000t\000i\000s\000t\000i\000c\000a\000l\000\040\000M\000o\000d\000e\000l\000i\000n\000g\000\040\000\046\000\040\000I\000n\000t\000e\000r\000p\000r\000e\000t\000a\000t\000i\000o\000n}{}% 22
\BOOKMARK [2][-]{subsection.5.1}{\376\377\000C\000o\000d\000e\000\040\000a\000n\000d\000\040\000R\000e\000s\000u\000l\000t\000s}{section.5}% 23
\BOOKMARK [2][-]{subsection.5.2}{\376\377\000I\000n\000t\000e\000r\000p\000r\000e\000t\000a\000t\000i\000o\000n}{section.5}% 24
